 Start         line 2 cols 1-5 is T_Identifier
 -         line 2 cols 7-7 is -
 >         line 2 cols 8-8 is >
 Program         line 2 cols 8-14 is T_Identifier
 Program         line 3 cols 1-7 is T_Identifier
 -         line 3 cols 9-9 is -
 >         line 3 cols 10-10 is >
 Decl         line 3 cols 11-14 is T_Identifier
 Program         line 3 cols 16-22 is T_Identifier
 Program         line 4 cols 1-7 is T_Identifier
 -         line 4 cols 9-9 is -
 >         line 4 cols 10-10 is >
 Decl         line 4 cols 10-13 is T_Identifier
 Decl         line 5 cols 1-4 is T_Identifier
 -         line 5 cols 6-6 is -
 >         line 5 cols 7-7 is >
 Type         line 5 cols 8-11 is T_Identifier
 ident         line 5 cols 14-18 is T_Identifier
 ;         line 5 cols 21-21 is ;
 Decl         line 6 cols 1-4 is T_Identifier
 -         line 6 cols 6-6 is -
 >         line 6 cols 7-7 is >
 Type         line 6 cols 8-11 is T_Identifier
 ident         line 6 cols 14-18 is T_Identifier
 (         line 6 cols 21-21 is (
 Formals         line 6 cols 23-29 is T_Identifier
 )         line 6 cols 32-32 is )
 StmtBlock         line 6 cols 33-41 is T_Identifier
 Decl         line 7 cols 1-4 is T_Identifier
 -         line 7 cols 6-6 is -
 >         line 7 cols 7-7 is >
 void         line 7 cols 7-11 is T_void
 ident         line 7 cols 13-17 is T_Identifier
 (         line 7 cols 20-20 is (
 Formals         line 7 cols 22-28 is T_Identifier
 )         line 7 cols 31-31 is )
 StmtBlock         line 7 cols 32-40 is T_Identifier
 Decl         line 8 cols 1-4 is T_Identifier
 -         line 8 cols 6-6 is -
 >         line 8 cols 7-7 is >
 static         line 8 cols 7-13 is T_static
 CnsTp         line 8 cols 15-19 is T_Identifier
 ident         line 8 cols 22-26 is T_Identifier
 ;         line 8 cols 29-29 is ;
 Decl         line 9 cols 1-4 is T_Identifier
 -         line 9 cols 6-6 is -
 >         line 9 cols 7-7 is >
 class         line 9 cols 7-12 is T_class
 ident         line 9 cols 14-18 is T_Identifier
 Heritage         line 9 cols 21-28 is T_Identifier
 HeritageI         line 9 cols 31-39 is T_Identifier
 {         line 9 cols 42-42 is {
 FieldP         line 9 cols 44-49 is T_Identifier
 }         line 9 cols 52-52 is }
 Decl         line 10 cols 1-4 is T_Identifier
 -         line 10 cols 6-6 is -
 >         line 10 cols 7-7 is >
 interface         line 10 cols 7-16 is T_interface
 ident         line 10 cols 18-22 is T_Identifier
 {         line 10 cols 25-25 is {
 Proto         line 10 cols 27-31 is T_Identifier
 }         line 10 cols 34-34 is }
 Type         line 11 cols 1-4 is T_Identifier
 -         line 11 cols 6-6 is -
 >         line 11 cols 7-7 is >
 CnsTp         line 11 cols 7-11 is T_Identifier
 Type         line 12 cols 1-4 is T_Identifier
 -         line 12 cols 6-6 is -
 >         line 12 cols 7-7 is >
 ident         line 12 cols 7-11 is T_Identifier
 Type         line 13 cols 1-4 is T_Identifier
 -         line 13 cols 6-6 is -
 >         line 13 cols 7-7 is >
 Type         line 13 cols 8-11 is T_Identifier
 []         line 13 cols 14-15 is []
 Formals         line 14 cols 1-7 is T_Identifier
 -         line 14 cols 9-9 is -
 >         line 14 cols 10-10 is >
 Type         line 14 cols 11-14 is T_Identifier
 ident         line 14 cols 17-21 is T_Identifier
 ,         line 14 cols 24-24 is ,
 Formals         line 14 cols 25-31 is T_Identifier
 Formals         line 15 cols 1-7 is T_Identifier
 -         line 15 cols 9-9 is -
 >         line 15 cols 10-10 is >
 Type         line 15 cols 11-14 is T_Identifier
 ident         line 15 cols 16-20 is T_Identifier
 StmtBlock         line 16 cols 1-9 is T_Identifier
 -         line 16 cols 11-11 is -
 >         line 16 cols 12-12 is >
 {         line 16 cols 13-13 is {
 COMBINACION         line 16 cols 15-25 is T_Identifier
 }         line 16 cols 28-28 is }
 COMBINACION         line 17 cols 1-11 is T_Identifier
 -         line 17 cols 13-13 is -
 >         line 17 cols 14-14 is >
 Type         line 17 cols 15-18 is T_Identifier
 ident         line 17 cols 21-25 is T_Identifier
 ;         line 17 cols 28-28 is ;
 COMBINACION         line 17 cols 29-39 is T_Identifier
 COMBINACION         line 18 cols 1-11 is T_Identifier
 -         line 18 cols 13-13 is -
 >         line 18 cols 14-14 is >
 COMBINACION         line 19 cols 1-11 is T_Identifier
 -         line 19 cols 13-13 is -
 >         line 19 cols 14-14 is >
 static         line 19 cols 14-20 is T_static
 CnsTp         line 19 cols 22-26 is T_Identifier
 ident         line 19 cols 29-33 is T_Identifier
 ;         line 19 cols 36-36 is ;
 COMBINACION         line 19 cols 37-47 is T_Identifier
 COMBINACION         line 20 cols 1-11 is T_Identifier
 -         line 20 cols 13-13 is -
 >         line 20 cols 14-14 is >
 COMBINACION         line 21 cols 1-11 is T_Identifier
 -         line 21 cols 13-13 is -
 >         line 21 cols 14-14 is >
 Stmt         line 21 cols 15-18 is T_Identifier
 COMBINACION         line 21 cols 20-30 is T_Identifier
 COMBINACION         line 22 cols 1-11 is T_Identifier
 -         line 22 cols 13-13 is -
 >         line 22 cols 14-14 is >
 CnsTp         line 23 cols 1-5 is T_Identifier
 -         line 23 cols 7-7 is -
 >         line 23 cols 8-8 is >
 int         line 23 cols 8-11 is T_int
 CnsTp         line 24 cols 1-5 is T_Identifier
 -         line 24 cols 7-7 is -
 >         line 24 cols 8-8 is >
 double         line 24 cols 8-14 is T_double
 CnsTp         line 25 cols 1-5 is T_Identifier
 -         line 25 cols 7-7 is -
 >         line 25 cols 8-8 is >
 boolean         line 25 cols 8-15 is T_boolean
 CnsTp         line 26 cols 1-5 is T_Identifier
 -         line 26 cols 7-7 is -
 >         line 26 cols 8-8 is >
 string         line 26 cols 8-14 is T_string
 Heritage         line 27 cols 1-8 is T_Identifier
 -         line 27 cols 10-10 is -
 >         line 27 cols 11-11 is >
 extends         line 27 cols 11-18 is T_extends
 ident         line 27 cols 19-23 is T_Identifier
 Heritage         line 28 cols 1-8 is T_Identifier
 -         line 28 cols 10-10 is -
 >         line 28 cols 11-11 is >
 HeritageI         line 29 cols 1-9 is T_Identifier
 -         line 29 cols 11-11 is -
 >         line 29 cols 12-12 is >
 implements         line 29 cols 12-22 is T_implements
 ident         line 29 cols 24-28 is T_Identifier
 HeritageD         line 29 cols 30-38 is T_Identifier
 HeritageI         line 30 cols 1-9 is T_Identifier
 -         line 30 cols 11-11 is -
 >         line 30 cols 12-12 is >
 HeritageD         line 31 cols 1-9 is T_Identifier
 -         line 31 cols 11-11 is -
 >         line 31 cols 12-12 is >
 ,         line 31 cols 13-13 is ,
 ident         line 31 cols 15-19 is T_Identifier
 HeritageD         line 31 cols 21-29 is T_Identifier
 HeritageD         line 32 cols 1-9 is T_Identifier
 -         line 32 cols 11-11 is -
 >         line 32 cols 12-12 is >
 FieldP         line 33 cols 1-6 is T_Identifier
 -         line 33 cols 8-8 is -
 >         line 33 cols 9-9 is >
 Field         line 33 cols 10-14 is T_Identifier
 FieldP         line 33 cols 16-21 is T_Identifier
 FieldP         line 34 cols 1-6 is T_Identifier
 -         line 34 cols 8-8 is -
 >         line 34 cols 9-9 is >
 Field         line 35 cols 1-5 is T_Identifier
 -         line 35 cols 7-7 is -
 >         line 35 cols 8-8 is >
 Type         line 35 cols 9-12 is T_Identifier
 ident         line 35 cols 15-19 is T_Identifier
 ;         line 35 cols 22-22 is ;
 Field         line 36 cols 1-5 is T_Identifier
 -         line 36 cols 7-7 is -
 >         line 36 cols 8-8 is >
 Type         line 36 cols 9-12 is T_Identifier
 ident         line 36 cols 15-19 is T_Identifier
 (         line 36 cols 22-22 is (
 Formals         line 36 cols 24-30 is T_Identifier
 )         line 36 cols 33-33 is )
 StmtBlock         line 36 cols 34-42 is T_Identifier
 Field         line 37 cols 1-5 is T_Identifier
 -         line 37 cols 7-7 is -
 >         line 37 cols 8-8 is >
 void         line 37 cols 8-12 is T_void
 ident         line 37 cols 14-18 is T_Identifier
 (         line 37 cols 21-21 is (
 Formals         line 37 cols 23-29 is T_Identifier
 )         line 37 cols 32-32 is )
 StmtBlock         line 37 cols 33-41 is T_Identifier
 Field         line 38 cols 1-5 is T_Identifier
 -         line 38 cols 7-7 is -
 >         line 38 cols 8-8 is >
 static         line 38 cols 8-14 is T_static
 CnsTp         line 38 cols 16-20 is T_Identifier
 ident         line 38 cols 23-27 is T_Identifier
 ;         line 38 cols 30-30 is ;
 Proto         line 39 cols 1-5 is T_Identifier
 -         line 39 cols 7-7 is -
 >         line 39 cols 8-8 is >
 Prototype         line 39 cols 9-17 is T_Identifier
 Proto         line 39 cols 19-23 is T_Identifier
 Proto         line 40 cols 1-5 is T_Identifier
 -         line 40 cols 7-7 is -
 >         line 40 cols 8-8 is >
 Prototype         line 41 cols 1-9 is T_Identifier
 -         line 41 cols 11-11 is -
 >         line 41 cols 12-12 is >
 Type         line 41 cols 13-16 is T_Identifier
 ident         line 41 cols 19-23 is T_Identifier
 (         line 41 cols 26-26 is (
 Formals         line 41 cols 28-34 is T_Identifier
 )         line 41 cols 37-37 is )
 ;         line 41 cols 39-39 is ;
 Prototype         line 42 cols 1-9 is T_Identifier
 -         line 42 cols 11-11 is -
 >         line 42 cols 12-12 is >
 void         line 42 cols 12-16 is T_void
 ident         line 42 cols 18-22 is T_Identifier
 (         line 42 cols 25-25 is (
 Formals         line 42 cols 27-33 is T_Identifier
 )         line 42 cols 36-36 is )
 ;         line 42 cols 38-38 is ;
 Stmt         line 43 cols 1-4 is T_Identifier
 -         line 43 cols 6-6 is -
 >         line 43 cols 7-7 is >
 Expr         line 43 cols 8-11 is T_Identifier
 ;         line 43 cols 14-14 is ;
 Stmt         line 44 cols 1-4 is T_Identifier
 -         line 44 cols 6-6 is -
 >         line 44 cols 7-7 is >
 ;         line 44 cols 8-8 is ;
 Stmt         line 45 cols 1-4 is T_Identifier
 -         line 45 cols 6-6 is -
 >         line 45 cols 7-7 is >
 if         line 45 cols 7-9 is T_if
 (         line 45 cols 11-11 is (
 Expr         line 45 cols 13-16 is T_Identifier
 )         line 45 cols 19-19 is )
 Stmt         line 45 cols 21-24 is T_Identifier
 ElseStmt         line 45 cols 26-33 is T_Identifier
 Stmt         line 46 cols 1-4 is T_Identifier
 -         line 46 cols 6-6 is -
 >         line 46 cols 7-7 is >
 while         line 46 cols 7-12 is T_while
 (         line 46 cols 14-14 is (
 Expr         line 46 cols 16-19 is T_Identifier
 )         line 46 cols 22-22 is )
 Stmt         line 46 cols 23-26 is T_Identifier
 Stmt         line 47 cols 1-4 is T_Identifier
 -         line 47 cols 6-6 is -
 >         line 47 cols 7-7 is >
 for         line 47 cols 7-10 is T_for
 (         line 47 cols 12-12 is (
 Expr         line 47 cols 14-17 is T_Identifier
 ;         line 47 cols 20-20 is ;
 Expr         line 47 cols 22-25 is T_Identifier
 ;         line 47 cols 28-28 is ;
 Expr         line 47 cols 30-33 is T_Identifier
 )         line 47 cols 36-36 is )
 Stmt         line 47 cols 37-40 is T_Identifier
 Stmt         line 48 cols 1-4 is T_Identifier
 -         line 48 cols 6-6 is -
 >         line 48 cols 7-7 is >
 break         line 48 cols 7-12 is T_break
 ;         line 48 cols 14-14 is ;
 Stmt         line 49 cols 1-4 is T_Identifier
 -         line 49 cols 6-6 is -
 >         line 49 cols 7-7 is >
 return         line 49 cols 7-13 is T_return
 Expr         line 49 cols 15-18 is T_Identifier
 ;         line 49 cols 21-21 is ;
 Stmt         line 50 cols 1-4 is T_Identifier
 -         line 50 cols 6-6 is -
 >         line 50 cols 7-7 is >
 System         line 50 cols 7-13 is T_System
 .         line 50 cols 15-15 is .
 out         line 50 cols 16-19 is T_out
 .         line 50 cols 21-21 is .
 println         line 50 cols 22-29 is T_println
 (         line 50 cols 31-31 is (
 Expr         line 50 cols 33-36 is T_Identifier
 ExPr         line 50 cols 38-41 is T_Identifier
 int         line 50 cols 42-45 is T_int
 )         line 50 cols 47-47 is )
 ;         line 50 cols 49-49 is ;
 Stmt         line 51 cols 1-4 is T_Identifier
 -         line 51 cols 6-6 is -
 >         line 51 cols 7-7 is >
 StmtBlock         line 51 cols 7-15 is T_Identifier
 Stmt         line 52 cols 1-4 is T_Identifier
 -         line 52 cols 6-6 is -
 >         line 52 cols 7-7 is >
 CallStmt         line 52 cols 7-14 is T_Identifier
 CallStmt         line 53 cols 1-8 is T_Identifier
 -         line 53 cols 10-10 is -
 >         line 53 cols 11-11 is >
 ident         line 53 cols 12-16 is T_Identifier
 (         line 53 cols 19-19 is (
 Actuals         line 53 cols 21-27 is T_Identifier
 )         line 53 cols 30-30 is )
 CallStmt         line 54 cols 1-8 is T_Identifier
 -         line 54 cols 10-10 is -
 >         line 54 cols 11-11 is >
 ident         line 54 cols 12-16 is T_Identifier
 .         line 54 cols 19-19 is .
 ident         line 54 cols 21-25 is T_Identifier
 (         line 54 cols 28-28 is (
 Actuals         line 54 cols 30-36 is T_Identifier
 )         line 54 cols 39-39 is )
 Actuals         line 55 cols 1-7 is T_Identifier
 -         line 55 cols 9-9 is -
 >         line 55 cols 10-10 is >
 Expr         line 55 cols 11-14 is T_Identifier
 ,         line 55 cols 17-17 is ,
 Actuals         line 55 cols 18-24 is T_Identifier
 Actuals         line 56 cols 1-7 is T_Identifier
 -         line 56 cols 9-9 is -
 >         line 56 cols 10-10 is >
 Expr         line 56 cols 10-13 is T_Identifier
 ElseStmt         line 57 cols 1-8 is T_Identifier
 -         line 57 cols 10-10 is -
 >         line 57 cols 11-11 is >
 else         line 57 cols 11-15 is T_else
 Stmt         line 57 cols 16-19 is T_Identifier
 ElseStmt         line 58 cols 1-8 is T_Identifier
 -         line 58 cols 10-10 is -
 >         line 58 cols 11-11 is >
 ExPr         line 59 cols 1-4 is T_Identifier
 int         line 59 cols 5-8 is T_int
 -         line 59 cols 9-9 is -
 >         line 59 cols 10-10 is >
 ,         line 59 cols 11-11 is ,
 Expr         line 59 cols 13-16 is T_Identifier
 ExPr         line 59 cols 18-21 is T_Identifier
 int         line 59 cols 22-25 is T_int
 ExPr         line 60 cols 1-4 is T_Identifier
 int         line 60 cols 5-8 is T_int
 -         line 60 cols 9-9 is -
 >         line 60 cols 10-10 is >
 Expr         line 61 cols 1-4 is T_Identifier
 -         line 61 cols 6-6 is -
 >         line 61 cols 7-7 is >
 Expr         line 61 cols 8-11 is T_Identifier
 -         line 61 cols 14-14 is -
 Expr         line 61 cols 15-18 is T_Identifier
 Expr         line 62 cols 1-4 is T_Identifier
 -         line 62 cols 6-6 is -
 >         line 62 cols 7-7 is >
 Expr         line 62 cols 8-11 is T_Identifier
 /         line 62 cols 14-14 is /
 Expr         line 62 cols 15-18 is T_Identifier
 Expr         line 63 cols 1-4 is T_Identifier
 -         line 63 cols 6-6 is -
 >         line 63 cols 7-7 is >
 Expr         line 63 cols 8-11 is T_Identifier
 %         line 63 cols 14-14 is %
 Expr         line 63 cols 15-18 is T_Identifier
 Expr         line 64 cols 1-4 is T_Identifier
 -         line 64 cols 6-6 is -
 >         line 64 cols 7-7 is >
 -         line 64 cols 8-8 is -
 Expr         line 64 cols 9-12 is T_Identifier
 Expr         line 65 cols 1-4 is T_Identifier
 -         line 65 cols 6-6 is -
 >         line 65 cols 7-7 is >
 Expr         line 65 cols 8-11 is T_Identifier
 >         line 65 cols 14-14 is >
 Expr         line 65 cols 15-18 is T_Identifier
 Expr         line 66 cols 1-4 is T_Identifier
 -         line 66 cols 6-6 is -
 >         line 66 cols 7-7 is >
 Expr         line 66 cols 8-11 is T_Identifier
 >=         line 66 cols 14-15 is >=
 Expr         line 66 cols 16-19 is T_Identifier
 Expr         line 67 cols 1-4 is T_Identifier
 -         line 67 cols 6-6 is -
 >         line 67 cols 7-7 is >
 Expr         line 67 cols 8-11 is T_Identifier
 !=         line 67 cols 14-15 is !=
 Expr         line 67 cols 16-19 is T_Identifier
 Expr         line 68 cols 1-4 is T_Identifier
 -         line 68 cols 6-6 is -
 >         line 68 cols 7-7 is >
 Expr         line 68 cols 8-11 is T_Identifier
 ||         line 68 cols 14-15 is ||
 Expr         line 68 cols 16-19 is T_Identifier
 Expr         line 69 cols 1-4 is T_Identifier
 -         line 69 cols 6-6 is -
 >         line 69 cols 7-7 is >
 !         line 69 cols 8-8 is !
 Expr         line 69 cols 9-12 is T_Identifier
 Expr         line 70 cols 1-4 is T_Identifier
 -         line 70 cols 6-6 is -
 >         line 70 cols 7-7 is >
 New         line 70 cols 7-10 is T_New
 (         line 70 cols 12-12 is (
 ident         line 70 cols 14-18 is T_Identifier
 )         line 70 cols 21-21 is )
 Expr         line 71 cols 1-4 is T_Identifier
 -         line 71 cols 6-6 is -
 >         line 71 cols 7-7 is >
 Expr         line 71 cols 8-11 is T_Identifier
 .         line 71 cols 14-14 is .
 ident         line 71 cols 15-19 is T_Identifier
 Expr         line 72 cols 1-4 is T_Identifier
 -         line 72 cols 6-6 is -
 >         line 72 cols 7-7 is >
 ident         line 72 cols 7-11 is T_Identifier
 Expr         line 73 cols 1-4 is T_Identifier
 -         line 73 cols 6-6 is -
 >         line 73 cols 7-7 is >
 Expr         line 73 cols 8-11 is T_Identifier
 .         line 73 cols 14-14 is .
 ident         line 73 cols 16-20 is T_Identifier
 =         line 73 cols 23-23 is =
 Expr         line 73 cols 24-27 is T_Identifier
 Expr         line 74 cols 1-4 is T_Identifier
 -         line 74 cols 6-6 is -
 >         line 74 cols 7-7 is >
 ident         line 74 cols 8-12 is T_Identifier
 =         line 74 cols 15-15 is =
 Expr         line 74 cols 16-19 is T_Identifier
 Expr         line 75 cols 1-4 is T_Identifier
 -         line 75 cols 6-6 is -
 >         line 75 cols 7-7 is >
 Constant         line 75 cols 7-14 is T_Identifier
 Expr         line 76 cols 1-4 is T_Identifier
 -         line 76 cols 6-6 is -
 >         line 76 cols 7-7 is >
 this         line 76 cols 7-11 is T_this
 Expr         line 77 cols 1-4 is T_Identifier
 -         line 77 cols 6-6 is -
 >         line 77 cols 7-7 is >
 (         line 77 cols 8-8 is (
 Expr         line 77 cols 10-13 is T_Identifier
 )         line 77 cols 16-16 is )
 Constant         line 78 cols 1-8 is T_Identifier
 -         line 78 cols 10-10 is -
 >         line 78 cols 11-11 is >
 int         line 78 cols 11-14 is T_int
 Constant         line 78 cols 14-21 is T_Identifier
 Constant         line 79 cols 1-8 is T_Identifier
 -         line 79 cols 10-10 is -
 >         line 79 cols 11-11 is >
 string         line 79 cols 11-17 is T_string
 Constant         line 79 cols 17-24 is T_Identifier
 Constant         line 80 cols 1-8 is T_Identifier
 -         line 80 cols 10-10 is -
 >         line 80 cols 11-11 is >
 boolConstant         line 80 cols 11-22 is T_Identifier
 Constant         line 81 cols 1-8 is T_Identifier
 -         line 81 cols 10-10 is -
 >         line 81 cols 11-11 is >
 double         line 81 cols 11-17 is T_double
 Constant         line 81 cols 17-24 is T_Identifier
 Constant         line 82 cols 1-8 is T_Identifier
 -         line 82 cols 10-10 is -
 >         line 82 cols 11-11 is >
 null         line 82 cols 11-15 is T_null
