 Car         line 1 cols 1-3 is T_Identifier
 []         line 1 cols 5-6 is []
 Mercedez         line 1 cols 8-15 is T_Identifier
 hola         line 1 cols 17-20 is T_Identifier
 ;         line 1 cols 22-22 is ;
 string         line 2 cols 1-7 is T_string
 Prueba         line 2 cols 8-13 is T_Identifier
 ;         line 2 cols 15-15 is ;
 string         line 3 cols 1-7 is T_string
 []         line 3 cols 8-9 is []
 PruebaArr         line 3 cols 10-18 is T_Identifier
 ;         line 3 cols 20-20 is ;
 int         line 4 cols 1-4 is T_int
 []         line 4 cols 5-6 is []
 numeroArr         line 4 cols 8-16 is T_Identifier
 ;         line 4 cols 19-19 is ;
 int         line 4 cols 19-22 is T_int
 numero         line 4 cols 24-29 is T_Identifier
 ;         line 4 cols 32-32 is ;
 boolean         line 5 cols 1-8 is T_boolean
 flag         line 5 cols 9-12 is T_Identifier
 ;         line 5 cols 14-14 is ;
 boolean         line 5 cols 14-21 is T_boolean
 []         line 5 cols 23-24 is []
 flagArr         line 5 cols 24-30 is T_Identifier
 ;         line 5 cols 32-32 is ;
