 string         line 1 cols 1-7 is T_string
 []         line 1 cols 8-9 is []
 Variable         line 1 cols 10-17 is T_Identifier
 ;         line 1 cols 19-19 is ;
 void         line 2 cols 1-5 is T_void
 Metodo         line 2 cols 6-11 is T_Identifier
 ()         line 2 cols 13-14 is ()
 while         line 3 cols 1-6 is T_while
 (         line 3 cols 7-7 is (
 a         line 3 cols 8-8 is T_Identifier
 +         line 3 cols 11-11 is +
 b         line 3 cols 12-12 is T_Identifier
 )         line 3 cols 14-14 is )
 if         line 4 cols 67-69 is T_if
 (         line 4 cols 71-71 is (
 flag3         line 4 cols 73-77 is T_Identifier
 &&         line 4 cols 80-81 is &&
 true         line 4 cols 83-87 is T_Boolean
 ==         line 4 cols 89-90 is ==
 false         line 4 cols 92-97 is T_Boolean
 %         line 4 cols 99-99 is %
 !         line 4 cols 101-101 is !
 flag4         line 4 cols 102-106 is T_Identifier
 &&         line 4 cols 109-110 is &&
 -         line 4 cols 112-112 is -
 true         line 4 cols 113-117 is T_Boolean
 %         line 4 cols 119-119 is %
 false         line 4 cols 121-126 is T_Boolean
 )         line 4 cols 128-128 is )
 a         line 4 cols 130-130 is T_Identifier
 +         line 4 cols 133-133 is +
 b         line 4 cols 134-134 is T_Identifier
 ;         line 4 cols 136-136 is ;
