 class         line 4 cols 1-6 is T_class
 Animal         line 4 cols 8-13 is T_Identifier
 {         line 4 cols 16-16 is {
 int         line 5 cols 3-6 is T_int
 height         line 5 cols 7-12 is T_Identifier
 ;         line 5 cols 14-14 is ;
 double         line 6 cols 3-9 is T_double
 weight         line 6 cols 10-15 is T_Identifier
 ;         line 6 cols 17-17 is ;
 int         line 7 cols 4-7 is T_int
 Eat         line 7 cols 8-10 is T_Identifier
 (         line 7 cols 12-12 is (
 int         line 7 cols 12-15 is T_int
 kitty         line 7 cols 17-21 is T_Identifier
 )         line 7 cols 24-24 is )
 {         line 7 cols 26-26 is {
 weight         line 7 cols 28-33 is T_Identifier
 =         line 7 cols 36-36 is =
 weight         line 7 cols 38-43 is T_Identifier
 *         line 7 cols 46-46 is *
 2.0         line 7 cols 47-50 is T_Double ( value = 2.0)
 ;         line 7 cols 51-51 is ;
 }         line 7 cols 52-52 is }
 }         line 8 cols 2-2 is }
