 void         line 1 cols 1-5 is T_void
 metodo1         line 1 cols 7-13 is T_Identifier
 (         line 1 cols 16-16 is (
 string         line 1 cols 17-23 is T_string
 palabra         line 1 cols 25-31 is T_Identifier
 ;         line 1 cols 34-34 is ;
 {         line 1 cols 36-36 is {
 ,         line 1 cols 38-38 is ,
 int         line 1 cols 39-42 is T_int
 void         line 1 cols 43-47 is T_void
 lol         line 1 cols 49-51 is T_Identifier
 }         line 1 cols 54-54 is }
 )         line 1 cols 55-55 is )
 {         line 2 cols 2-2 is {
 for         line 3 cols 1-4 is T_for
 (         line 3 cols 6-6 is (
 hola         line 3 cols 8-11 is T_Identifier
 /         line 3 cols 14-14 is /
 mundo         line 3 cols 16-20 is T_Identifier
 ;         line 3 cols 23-23 is ;
 prueba         line 3 cols 24-29 is T_Identifier
 >=         line 3 cols 31-32 is >=
 de         line 3 cols 34-35 is T_Identifier
 ;         line 3 cols 38-38 is ;
 todos         line 3 cols 38-42 is T_Identifier
 ||         line 3 cols 44-45 is ||
 los         line 3 cols 46-48 is T_Identifier
 .         line 3 cols 50-50 is .
 operacionales         line 3 cols 50-62 is T_Identifier
 )         line 3 cols 64-64 is )
 while         line 4 cols 1-6 is T_while
 (         line 4 cols 8-8 is (
 coso         line 4 cols 10-13 is T_Identifier
 !=         line 4 cols 16-17 is !=
 dentro         line 4 cols 19-24 is T_Identifier
 .         line 4 cols 27-27 is .
 combinados         line 4 cols 28-37 is T_Identifier
 )         line 4 cols 39-39 is )
 if         line 5 cols 1-3 is T_if
 (         line 5 cols 5-5 is (
 este         line 5 cols 7-10 is T_Identifier
 >         line 5 cols 13-13 is >
 del         line 5 cols 15-17 is T_Identifier
 )         line 5 cols 20-20 is )
 while         line 6 cols 1-6 is T_while
 (         line 6 cols 8-8 is (
 que         line 6 cols 10-12 is T_Identifier
 =         line 6 cols 15-15 is =
 esta         line 6 cols 16-19 is T_Identifier
 .         line 6 cols 21-21 is .
 mamadisimo         line 6 cols 21-30 is T_Identifier
 )         line 6 cols 32-32 is )
 ;         line 6 cols 34-34 is ;
 else         line 7 cols 1-5 is T_else
 return         line 8 cols 1-7 is T_return
 this         line 8 cols 8-12 is T_this
 ;         line 8 cols 14-14 is ;
 }         line 9 cols 2-2 is }
