 void         line 1 cols 1-5 is T_void
 ident         line 1 cols 7-11 is T_Identifier
 (         line 1 cols 14-14 is (
 int         line 1 cols 15-18 is T_int
 ident         line 1 cols 20-24 is T_Identifier
 ,         line 1 cols 27-27 is ,
 double         line 1 cols 28-34 is T_double
 ident         line 1 cols 36-40 is T_Identifier
 string         line 1 cols 42-48 is T_string
 sdf         line 1 cols 50-52 is T_Identifier
 df         line 1 cols 56-57 is T_Identifier
 s         line 1 cols 60-60 is T_Identifier
 sdf         line 1 cols 63-65 is T_Identifier
 sd         line 1 cols 68-69 is T_Identifier
 nombre         line 1 cols 72-77 is T_Identifier
 ,         line 1 cols 80-80 is ,
 int         line 1 cols 81-84 is T_int
 lol         line 1 cols 86-88 is T_Identifier
 )         line 1 cols 92-92 is )
 {         line 2 cols 2-2 is {
 }         line 3 cols 2-2 is }
