 static         line 1 cols 1-7 is T_static
 int         line 1 cols 8-11 is T_int
 numero         line 1 cols 13-18 is T_Identifier
 ;         line 1 cols 21-21 is ;
 string         line 1 cols 22-28 is T_string
 palabra         line 1 cols 30-36 is T_Identifier
 ;         line 1 cols 39-39 is ;
 void         line 2 cols 1-5 is T_void
 inicio         line 2 cols 7-12 is T_Identifier
 (         line 2 cols 15-15 is (
 string         line 2 cols 16-22 is T_string
 palabraRservada         line 2 cols 24-38 is T_Identifier
 )         line 2 cols 41-41 is )
 {         line 3 cols 2-2 is {
 if         line 4 cols 1-3 is T_if
 (         line 4 cols 5-5 is (
 numero         line 4 cols 7-12 is T_Identifier
 =         line 4 cols 15-15 is =
 palabra         line 4 cols 16-22 is T_Identifier
 )         line 4 cols 24-24 is )
 while         line 5 cols 1-6 is T_while
 (         line 5 cols 8-8 is (
 numero         line 5 cols 10-15 is T_Identifier
 =         line 5 cols 18-18 is =
 numero         line 5 cols 19-24 is T_Identifier
 .         line 5 cols 26-26 is .
 numero         line 5 cols 26-31 is T_Identifier
 )         line 5 cols 33-33 is )
 ;         line 5 cols 35-35 is ;
 }         line 6 cols 2-2 is }
 class         line 7 cols 1-6 is T_class
 holaMundo         line 7 cols 8-16 is T_Identifier
 extends         line 7 cols 18-25 is T_extends
 lol         line 7 cols 27-29 is T_Identifier
 implements         line 7 cols 31-41 is T_implements
 heredar         line 7 cols 43-49 is T_Identifier
 ,         line 7 cols 52-52 is ,
 compresion         line 7 cols 54-63 is T_Identifier
 {         line 7 cols 67-67 is {
 }         line 8 cols 2-2 is }
 int         line 9 cols 1-4 is T_int
 Suma         line 9 cols 6-9 is T_Identifier
 (         line 9 cols 12-12 is (
 int         line 9 cols 12-15 is T_int
 numero1         line 9 cols 17-23 is T_Identifier
 ,         line 9 cols 26-26 is ,
 int         line 9 cols 27-30 is T_int
 numero2         line 9 cols 32-38 is T_Identifier
 )         line 9 cols 41-41 is )
 {         line 10 cols 2-2 is {
 }         line 11 cols 2-2 is }
