 class         line 1 cols 1-6 is T_class
 Parser         line 1 cols 8-13 is T_Identifier
 extends         line 1 cols 15-22 is T_extends
 analyzer         line 1 cols 24-31 is T_Identifier
 implements         line 1 cols 33-43 is T_implements
 lexical         line 1 cols 44-50 is T_Identifier
 ,         line 1 cols 52-52 is ,
 syntactical         line 1 cols 53-63 is T_Identifier
 {         line 2 cols 2-2 is {
 int         line 3 cols 9-12 is T_int
 a1         line 3 cols 13-14 is T_Identifier
 ;         line 3 cols 16-16 is ;
 int         line 4 cols 9-12 is T_int
 f1         line 4 cols 13-14 is T_Identifier
 (         line 4 cols 16-16 is (
 int         line 4 cols 16-19 is T_int
 a         line 4 cols 20-20 is T_Identifier
 ,         line 4 cols 22-22 is ,
 int         line 4 cols 23-26 is T_int
 b         line 4 cols 27-27 is T_Identifier
 ,         line 4 cols 29-29 is ,
 int         line 4 cols 30-33 is T_int
 c         line 4 cols 34-34 is T_Identifier
 )         line 4 cols 36-36 is )
 {         line 4 cols 38-38 is {
 {         line 5 cols 14-14 is {
 if         line 6 cols 17-19 is T_if
 (         line 6 cols 21-21 is (
 a         line 6 cols 21-21 is T_Identifier
 >         line 6 cols 23-23 is >
 b         line 6 cols 23-23 is T_Identifier
 )         line 6 cols 25-25 is )
 p1         line 6 cols 26-27 is T_Identifier
 =         line 6 cols 29-29 is =
 2         line 6 cols 29-30 is T_IntConstant (value = 2)
 ;         line 6 cols 31-31 is ;
 else         line 6 cols 32-36 is T_else
 p1         line 6 cols 37-38 is T_Identifier
 =         line 6 cols 40-40 is =
 3         line 6 cols 40-41 is T_IntConstant (value = 3)
 ;         line 6 cols 42-42 is ;
 }         line 8 cols 14-14 is }
 return         line 9 cols 9-15 is T_return
 (         line 9 cols 17-17 is (
 p1         line 9 cols 17-18 is T_Identifier
 )         line 9 cols 20-20 is )
 ;         line 9 cols 22-22 is ;
 }         line 10 cols 10-10 is }
 void         line 11 cols 9-13 is T_void
 proc1         line 11 cols 14-18 is T_Identifier
 (         line 11 cols 20-20 is (
 double         line 11 cols 20-26 is T_double
 y         line 11 cols 27-27 is T_Identifier
 )         line 11 cols 29-29 is )
 {         line 12 cols 10-10 is {
 }         line 14 cols 10-10 is }
 }         line 15 cols 2-2 is }
 class         line 16 cols 1-6 is T_class
 Program         line 16 cols 8-14 is T_Identifier
 {         line 16 cols 17-17 is {
 void         line 17 cols 9-13 is T_void
 main         line 17 cols 14-17 is T_Identifier
 (         line 17 cols 19-19 is (
 string         line 17 cols 19-25 is T_string
 x         line 17 cols 26-26 is T_Identifier
 )         line 17 cols 28-28 is )
 {         line 17 cols 29-29 is {
 int         line 18 cols 17-20 is T_int
 m1         line 18 cols 21-22 is T_Identifier
 ;         line 18 cols 24-24 is ;
 int         line 19 cols 17-20 is T_int
 m3         line 19 cols 21-22 is T_Identifier
 ;         line 19 cols 24-24 is ;
 boolean         line 20 cols 17-24 is T_boolean
 t         line 20 cols 25-25 is T_Identifier
 ;         line 20 cols 27-27 is ;
 Parser         line 21 cols 18-23 is T_Identifier
 MyParser         line 21 cols 25-32 is T_Identifier
 ;         line 21 cols 34-34 is ;
 static         line 22 cols 17-23 is T_static
 int         line 22 cols 24-27 is T_int
 m2         line 22 cols 28-29 is T_Identifier
 ;         line 22 cols 31-31 is ;
 m1         line 23 cols 17-18 is T_Identifier
 =         line 23 cols 20-20 is =
 New         line 23 cols 21-24 is T_New
 (         line 23 cols 26-26 is (
 MyParser         line 23 cols 26-33 is T_Identifier
 )         line 23 cols 35-35 is )
 ;         line 23 cols 36-36 is ;
 m1         line 24 cols 17-18 is T_Identifier
 .         line 24 cols 20-20 is .
 a1         line 24 cols 21-22 is T_Identifier
 =         line 24 cols 25-25 is =
 3         line 24 cols 26-27 is T_IntConstant (value = 3)
 ;         line 24 cols 28-28 is ;
 while         line 25 cols 17-22 is T_while
 (         line 25 cols 24-24 is (
 m1         line 25 cols 24-25 is T_Identifier
 >         line 25 cols 27-27 is >
 10         line 25 cols 27-29 is T_IntConstant (value = 10)
 )         line 25 cols 30-30 is )
 {         line 25 cols 32-32 is {
 for         line 26 cols 25-28 is T_for
 (         line 26 cols 30-30 is (
 m2         line 26 cols 30-31 is T_Identifier
 =         line 26 cols 33-33 is =
"3"  line 26 cols 33-36 is (value = "3"
 ;         line 26 cols 37-37 is ;
 m2         line 26 cols 37-38 is T_Identifier
 =         line 26 cols 40-40 is =
 m2         line 26 cols 40-41 is T_Identifier
 -         line 26 cols 43-43 is -
 1         line 26 cols 43-44 is T_IntConstant (value = 1)
 ;         line 26 cols 45-45 is ;
 (         line 26 cols 46-46 is (
 2         line 26 cols 46-47 is T_IntConstant (value = 2)
 )         line 26 cols 48-48 is )
 )         line 26 cols 49-49 is )
 ;         line 26 cols 51-51 is ;
 System         line 27 cols 33-39 is T_System
 .         line 27 cols 40-40 is .
 out         line 27 cols 40-43 is T_out
 .         line 27 cols 44-44 is .
 println         line 27 cols 44-51 is T_println
 (         line 27 cols 52-52 is (
 m1         line 27 cols 53-54 is T_Identifier
 /         line 27 cols 57-57 is /
 2         line 27 cols 58-59 is T_IntConstant (value = 2)
 ,         line 27 cols 60-60 is ,
 m1         line 27 cols 61-62 is T_Identifier
 .         line 27 cols 64-64 is .
 a1         line 27 cols 64-65 is T_Identifier
 )         line 27 cols 67-67 is )
 ;         line 27 cols 68-68 is ;
 if         line 28 cols 27-29 is T_if
 (         line 28 cols 31-31 is (
 !         line 28 cols 32-32 is !
 (         line 28 cols 33-33 is (
 m1         line 28 cols 33-34 is T_Identifier
 /         line 28 cols 36-36 is /
 2         line 28 cols 37-38 is T_IntConstant (value = 2)
 !=         line 28 cols 40-41 is !=
 m2         line 28 cols 42-43 is T_Identifier
 )         line 28 cols 45-45 is )
 )         line 28 cols 46-46 is )
 {         line 29 cols 26-26 is {
 break         line 30 cols 37-42 is T_break
 ;         line 30 cols 43-43 is ;
 }         line 31 cols 26-26 is }
 }         line 32 cols 18-18 is }
 if         line 33 cols 17-19 is T_if
 (         line 33 cols 21-21 is (
 m2         line 33 cols 21-22 is T_Identifier
 >=         line 33 cols 24-25 is >=
 m3         line 33 cols 25-26 is T_Identifier
 )         line 33 cols 28-28 is )
 m1         line 33 cols 29-30 is T_Identifier
 =         line 33 cols 32-32 is =
 1         line 33 cols 32-33 is T_IntConstant (value = 1)
 ;         line 33 cols 34-34 is ;
 t         line 35 cols 18-18 is T_Identifier
 =         line 35 cols 21-21 is =
 (         line 35 cols 23-23 is (
 a1         line 35 cols 24-25 is T_Identifier
 >         line 35 cols 28-28 is >
 y         line 35 cols 30-30 is T_Identifier
 ||         line 35 cols 33-34 is ||
 a1         line 35 cols 36-37 is T_Identifier
 >=         line 35 cols 40-41 is >=
 y         line 35 cols 42-42 is T_Identifier
 )         line 35 cols 44-44 is )
 ;         line 35 cols 45-45 is ;
 }         line 36 cols 10-10 is }
 }         line 37 cols 2-2 is }
